<?xml version="1.0" encoding="UTF-8"?>
<!-- Generated by org.testng.reporters.JUnitReportReporter -->
<testsuite skipped="0" hostname="DESKTOP-I8ANQG5" name="pageObjects.project.registration.TC002_verifyRegistration" tests="1" failures="0" timestamp="26 Feb 2018 00:12:02 GMT" time="6.386" errors="0">
  <testcase name="verifyRegistrationSeccessful" time="6.386" classname="pageObjects.project.registration.TC002_verifyRegistration"/>
</testsuite> <!-- pageObjects.project.registration.TC002_verifyRegistration -->
