<?xml version="1.0" encoding="UTF-8"?>
<!-- Generated by org.testng.reporters.JUnitReportReporter -->
<testsuite skipped="5" hostname="DESKTOP-I8ANQG5" name="pageObjects.project.homepage.TC001_verifyLoginWithInvalidCredentials" tests="8" failures="0" timestamp="11 Mar 2018 05:43:55 GMT" time="17.856" errors="0">
  <testcase name="verifyLoginWithInvalidCradentials" time="6.186" classname="pageObjects.project.homepage.TC001_verifyLoginWithInvalidCredentials"/>
  <testcase name="verifyLoginWithInvalidCradentials" time="0.000" classname="pageObjects.project.homepage.TC001_verifyLoginWithInvalidCredentials">
    <skipped/>
  </testcase> <!-- verifyLoginWithInvalidCradentials -->
  <testcase name="verifyLoginWithInvalidCradentials" time="5.150" classname="pageObjects.project.homepage.TC001_verifyLoginWithInvalidCredentials"/>
  <testcase name="verifyLoginWithInvalidCradentials" time="6.519" classname="pageObjects.project.homepage.TC001_verifyLoginWithInvalidCredentials"/>
  <testcase name="verifyLoginWithInvalidCradentials" time="0.000" classname="pageObjects.project.homepage.TC001_verifyLoginWithInvalidCredentials">
    <skipped/>
  </testcase> <!-- verifyLoginWithInvalidCradentials -->
  <testcase name="verifyLoginWithInvalidCradentials" time="0.001" classname="pageObjects.project.homepage.TC001_verifyLoginWithInvalidCredentials">
    <skipped/>
  </testcase> <!-- verifyLoginWithInvalidCradentials -->
  <testcase name="verifyLoginWithInvalidCradentials" time="0.000" classname="pageObjects.project.homepage.TC001_verifyLoginWithInvalidCredentials">
    <skipped/>
  </testcase> <!-- verifyLoginWithInvalidCradentials -->
  <testcase name="verifyLoginWithInvalidCradentials" time="0.000" classname="pageObjects.project.homepage.TC001_verifyLoginWithInvalidCredentials">
    <skipped/>
  </testcase> <!-- verifyLoginWithInvalidCradentials -->
</testsuite> <!-- pageObjects.project.homepage.TC001_verifyLoginWithInvalidCredentials -->
