<?xml version="1.0" encoding="UTF-8"?>
<!-- Generated by org.testng.reporters.JUnitReportReporter -->
<testsuite skipped="0" hostname="DESKTOP-I8ANQG5" name="pageObjects.project.registration.TC002_verifyRegistrationFailed" tests="1" failures="0" timestamp="11 Mar 2018 05:43:55 GMT" time="6.035" errors="0">
  <testcase name="verifyRegistrationSeccessful" time="6.035" classname="pageObjects.project.registration.TC002_verifyRegistrationFailed"/>
</testsuite> <!-- pageObjects.project.registration.TC002_verifyRegistrationFailed -->
